[2018-09-19 12-42-21] Page not found: `http://mvccore/php/apps/a2-xmldocs/development/`.: http://mvccore/php/apps/a2-xmldocs/development/  @  http://mvccore/php/apps/a2-xmldocs/development/ 
[2018-09-19 12-43-42] Page not found: `http://mvccore/php/apps/a2-xmldocs/development/`.: http://mvccore/php/apps/a2-xmldocs/development/  @  http://mvccore/php/apps/a2-xmldocs/development/ 
[2018-09-19 12-44-59] Page not found: `http://mvccore/php/apps/a2-xmldocs/development/`.: http://mvccore/php/apps/a2-xmldocs/development/  @  http://mvccore/php/apps/a2-xmldocs/development/ 
[2018-09-19 12-49-12] Page not found: `http://mvccore/php/apps/a2-xmldocs/development/`.: http://mvccore/php/apps/a2-xmldocs/development/  @  http://mvccore/php/apps/a2-xmldocs/development/ 
[2018-09-19 12-50-04] Page not found: `http://mvccore/php/apps/a2-xmldocs/development/`.: http://mvccore/php/apps/a2-xmldocs/development/  @  http://mvccore/php/apps/a2-xmldocs/development/ 
[2018-09-19 12-50-45] Page not found: `http://mvccore/php/apps/a2-xmldocs/development/`.: http://mvccore/php/apps/a2-xmldocs/development/  @  http://mvccore/php/apps/a2-xmldocs/development/ 
[2018-09-19 13-56-32] Page not found: `http://mvccore/php/apps/a2-xmldocs/development/02-download`.: http://mvccore/php/apps/a2-xmldocs/development/02-download  @  http://mvccore/php/apps/a2-xmldocs/development/02-download 
[2018-09-19 13-56-36] Page not found: `http://mvccore/php/apps/a2-xmldocs/development/02-download`.: http://mvccore/php/apps/a2-xmldocs/development/02-download  @  http://mvccore/php/apps/a2-xmldocs/development/02-download 
[2018-09-19 14-00-21] Page not found: `http://mvccore/php/apps/a2-xmldocs/development/`.: http://mvccore/php/apps/a2-xmldocs/development/  @  http://mvccore/php/apps/a2-xmldocs/development/ 
[2018-09-19 14-00-53] Page not found: `http://mvccore/php/apps/a2-xmldocs/development/download`.: http://mvccore/php/apps/a2-xmldocs/development/download  @  http://mvccore/php/apps/a2-xmldocs/development/download 
[2018-09-19 14-01-06] Page not found: `http://mvccore/php/apps/a2-xmldocs/development/extensions`.: http://mvccore/php/apps/a2-xmldocs/development/extensions  @  http://mvccore/php/apps/a2-xmldocs/development/extensions 
[2018-09-19 14-01-10] Page not found: `http://mvccore/php/apps/a2-xmldocs/development/extensions`.: http://mvccore/php/apps/a2-xmldocs/development/extensions  @  http://mvccore/php/apps/a2-xmldocs/development/extensions 
[2018-09-19 14-02-15] Page not found: `http://mvccore/php/apps/a2-xmldocs/development/extensions`.: http://mvccore/php/apps/a2-xmldocs/development/extensions  @  http://mvccore/php/apps/a2-xmldocs/development/extensions 
[2018-09-19 14-07-44] Page not found: `http://mvccore/php/apps/a2-xmldocs/development/download`.: http://mvccore/php/apps/a2-xmldocs/development/download  @  http://mvccore/php/apps/a2-xmldocs/development/download 
[2018-09-19 14-47-21] Page not found: `http://mvccore/php/apps/a2-xmldocs/development/m`.: http://mvccore/php/apps/a2-xmldocs/development/m  @  http://mvccore/php/apps/a2-xmldocs/development/m 
[2018-09-19 14-48-11] Page not found: `http://mvccore/php/apps/a2-xmldocs/development/m`.: http://mvccore/php/apps/a2-xmldocs/development/m  @  http://mvccore/php/apps/a2-xmldocs/development/m 
[2018-09-19 14-48-36] Page not found: `http://mvccore/php/apps/a2-xmldocs/development/m`.: http://mvccore/php/apps/a2-xmldocs/development/m  @  http://mvccore/php/apps/a2-xmldocs/development/m 
[2018-09-19 15-01-39] Page not found: `http://mvccore/php/apps/a2-xmldocs/development/static/img/favicon.ico`.: http://mvccore/php/apps/a2-xmldocs/development/static/img/favicon.ico  @  http://mvccore/php/apps/a2-xmldocs/development/m/static/img/favicon.ico 
[2018-09-19 15-01-50] Page not found: `http://mvccore/php/apps/a2-xmldocs/development/static/img/favicon.ico`.: http://mvccore/php/apps/a2-xmldocs/development/static/img/favicon.ico  @  http://mvccore/php/apps/a2-xmldocs/development/m/static/img/favicon.ico 
[2018-09-19 15-15-22] Page not found: `http://mvccore/php/apps/a2-xmldocs/development/`.: http://mvccore/php/apps/a2-xmldocs/development/  @  http://mvccore/php/apps/a2-xmldocs/development/m/ 
[2018-09-19 15-15-22] Page not found: `http://mvccore/php/apps/a2-xmldocs/development/`.: http://mvccore/php/apps/a2-xmldocs/development/  @  http://mvccore/php/apps/a2-xmldocs/development/m/ 
[2018-09-19 15-15-23] Page not found: `http://mvccore/php/apps/a2-xmldocs/development/static/img/favicon.ico`.: http://mvccore/php/apps/a2-xmldocs/development/static/img/favicon.ico  @  http://mvccore/php/apps/a2-xmldocs/development/m/static/img/favicon.ico 
[2018-09-19 15-15-26] Page not found: `http://mvccore/php/apps/a2-xmldocs/development/`.: http://mvccore/php/apps/a2-xmldocs/development/  @  http://mvccore/php/apps/a2-xmldocs/development/ 
[2018-09-19 15-15-45] Page not found: `http://mvccore/php/apps/a2-xmldocs/development/`.: http://mvccore/php/apps/a2-xmldocs/development/  @  http://mvccore/php/apps/a2-xmldocs/development/ 
[2018-09-19 15-16-12] Page not found: `http://mvccore/php/apps/a2-xmldocs/development/`.: http://mvccore/php/apps/a2-xmldocs/development/  @  http://mvccore/php/apps/a2-xmldocs/development/ 
[2018-09-19 15-17-16] Page not found: `http://mvccore/php/apps/a2-xmldocs/development/static/img/favicon.ico`.: http://mvccore/php/apps/a2-xmldocs/development/static/img/favicon.ico  @  http://mvccore/php/apps/a2-xmldocs/development/m/static/img/favicon.ico 
[2018-09-19 15-17-25] Page not found: `http://mvccore/php/apps/a2-xmldocs/development/static/img/favicon.ico`.: http://mvccore/php/apps/a2-xmldocs/development/static/img/favicon.ico  @  http://mvccore/php/apps/a2-xmldocs/development/m/static/img/favicon.ico 
[2018-09-19 15-20-52] Page not found: `http://mvccore/php/apps/a2-xmldocs/development/static/img/favicon.ico`.: http://mvccore/php/apps/a2-xmldocs/development/static/img/favicon.ico  @  http://mvccore/php/apps/a2-xmldocs/development/m/static/img/favicon.ico 
[2018-09-19 15-21-07] Page not found: `http://mvccore/php/apps/a2-xmldocs/development/static/img/favicon.ico`.: http://mvccore/php/apps/a2-xmldocs/development/static/img/favicon.ico  @  http://mvccore/php/apps/a2-xmldocs/development/m/static/img/favicon.ico 
[2018-09-19 15-21-11] Page not found: `http://mvccore/php/apps/a2-xmldocs/development/static/img/favicon.ico`.: http://mvccore/php/apps/a2-xmldocs/development/static/img/favicon.ico  @  http://mvccore/php/apps/a2-xmldocs/development/m/static/img/favicon.ico 
[2018-09-19 15-21-12] Page not found: `http://mvccore/php/apps/a2-xmldocs/development/static/img/favicon.ico`.: http://mvccore/php/apps/a2-xmldocs/development/static/img/favicon.ico  @  http://mvccore/php/apps/a2-xmldocs/development/m/static/img/favicon.ico 
[2018-09-19 15-21-13] Page not found: `http://mvccore/php/apps/a2-xmldocs/development/static/img/favicon.ico`.: http://mvccore/php/apps/a2-xmldocs/development/static/img/favicon.ico  @  http://mvccore/php/apps/a2-xmldocs/development/m/static/img/favicon.ico 
[2018-09-19 15-21-49] Page not found: `http://mvccore/php/apps/a2-xmldocs/development/static/img/favicon.ico`.: http://mvccore/php/apps/a2-xmldocs/development/static/img/favicon.ico  @  http://mvccore/php/apps/a2-xmldocs/development/m/static/img/favicon.ico 
[2018-09-19 15-21-51] Page not found: `http://mvccore/php/apps/a2-xmldocs/development/static/img/favicon.ico`.: http://mvccore/php/apps/a2-xmldocs/development/static/img/favicon.ico  @  http://mvccore/php/apps/a2-xmldocs/development/m/static/img/favicon.ico 
[2018-09-19 15-22-07] Page not found: `http://mvccore/php/apps/a2-xmldocs/development/static/img/favicon.ico`.: http://mvccore/php/apps/a2-xmldocs/development/static/img/favicon.ico  @  http://mvccore/php/apps/a2-xmldocs/development/m/static/img/favicon.ico 
[2018-09-19 15-22-09] Page not found: `http://mvccore/php/apps/a2-xmldocs/development/static/img/favicon.ico`.: http://mvccore/php/apps/a2-xmldocs/development/static/img/favicon.ico  @  http://mvccore/php/apps/a2-xmldocs/development/m/static/img/favicon.ico 
[2018-09-19 15-22-22] Page not found: `http://mvccore/php/apps/a2-xmldocs/development/static/img/favicon.ico`.: http://mvccore/php/apps/a2-xmldocs/development/static/img/favicon.ico  @  http://mvccore/php/apps/a2-xmldocs/development/m/static/img/favicon.ico 
[2018-09-19 15-23-11] Page not found: `http://mvccore/php/apps/a2-xmldocs/development/static/img/favicon.ico`.: http://mvccore/php/apps/a2-xmldocs/development/static/img/favicon.ico  @  http://mvccore/php/apps/a2-xmldocs/development/m/static/img/favicon.ico 
[2018-09-19 15-23-26] Page not found: `http://mvccore/php/apps/a2-xmldocs/development/static/img/favicon.ico`.: http://mvccore/php/apps/a2-xmldocs/development/static/img/favicon.ico  @  http://mvccore/php/apps/a2-xmldocs/development/m/static/img/favicon.ico 
[2018-09-19 15-24-28] Page not found: `http://mvccore/php/apps/a2-xmldocs/development/rozsireni?asdf`.: http://mvccore/php/apps/a2-xmldocs/development/rozsireni?asdf  @  http://mvccore/php/apps/a2-xmldocs/development/m/rozsireni?asdf 
[2018-09-19 15-24-28] Page not found: `http://mvccore/php/apps/a2-xmldocs/development/static/img/favicon.ico`.: http://mvccore/php/apps/a2-xmldocs/development/static/img/favicon.ico  @  http://mvccore/php/apps/a2-xmldocs/development/m/static/img/favicon.ico 
[2018-09-19 15-24-36] Page not found: `http://mvccore/php/apps/a2-xmldocs/development/static/img/favicon.ico`.: http://mvccore/php/apps/a2-xmldocs/development/static/img/favicon.ico  @  http://mvccore/php/apps/a2-xmldocs/development/m/static/img/favicon.ico 
[2018-09-19 15-24-45] Page not found: `http://mvccore/php/apps/a2-xmldocs/development/static/img/favicon.ico`.: http://mvccore/php/apps/a2-xmldocs/development/static/img/favicon.ico  @  http://mvccore/php/apps/a2-xmldocs/development/m/static/img/favicon.ico 
[2018-09-19 15-26-03] No route for request: http://mvccore/php/apps/a2-xmldocs/development/rozsireni  @  http://mvccore/php/apps/a2-xmldocs/development/rozsireni 
[2018-09-19 15-26-25] Page not found: `http://mvccore/php/apps/a2-xmldocs/development/static/img/favicon.ico`.: http://mvccore/php/apps/a2-xmldocs/development/static/img/favicon.ico  @  http://mvccore/php/apps/a2-xmldocs/development/m/static/img/favicon.ico 
[2018-09-19 15-42-18] Controller class `\App\Controllers\Frontindex` doesn't exist.: http://mvccore/php/apps/a2-xmldocs/development/index.php?controller=front\index&action=index&path=rozsireni  @  http://mvccore/php/apps/a2-xmldocs/development/index.php?controller=front\index&action=index&path=rozsireni 
[2018-09-19 15-42-33] Controller class `\App\Controllers\Frontindex` doesn't exist.: http://mvccore/php/apps/a2-xmldocs/development/index.php?controller=front\index&action=index&path=rozsireni  @  http://mvccore/php/apps/a2-xmldocs/development/index.php?controller=front\index&action=index&path=rozsireni 
[2018-09-19 15-43-14] No route for request: http://mvccore/php/apps/a2-xmldocs/development/m/rozsireni  @  http://mvccore/php/apps/a2-xmldocs/development/m/rozsireni 
[2018-09-19 15-43-15] No route for request: http://mvccore/php/apps/a2-xmldocs/development/m/rozsireni  @  http://mvccore/php/apps/a2-xmldocs/development/m/rozsireni 
[2018-09-19 15-45-03] No route for request: http://mvccore/php/apps/a2-xmldocs/development/m/rozsireni  @  http://mvccore/php/apps/a2-xmldocs/development/m/rozsireni 
[2018-09-19 15-48-04] No route for request: http://mvccore/php/apps/a2-xmldocs/development/m/rozsireni  @  http://mvccore/php/apps/a2-xmldocs/development/m/rozsireni 
[2018-09-19 15-49-15] No route for request: http://mvccore/php/apps/a2-xmldocs/development/m/rozsireni  @  http://mvccore/php/apps/a2-xmldocs/development/m/rozsireni 
[2018-09-19 15-50-37] No route for request: http://mvccore/php/apps/a2-xmldocs/development/m/rozsireni  @  http://mvccore/php/apps/a2-xmldocs/development/m/rozsireni 
[2018-09-19 15-50-47] No route for request: http://mvccore/php/apps/a2-xmldocs/development/m/rozsireni  @  http://mvccore/php/apps/a2-xmldocs/development/m/rozsireni 
[2018-09-19 15-51-12] No route for request: http://mvccore/php/apps/a2-xmldocs/development/m/rozsireni  @  http://mvccore/php/apps/a2-xmldocs/development/m/rozsireni 
[2018-09-19 15-51-27] No route for request: http://mvccore/php/apps/a2-xmldocs/development/m/rozsireni  @  http://mvccore/php/apps/a2-xmldocs/development/m/rozsireni 
[2018-09-19 15-51-41] No route for request: http://mvccore/php/apps/a2-xmldocs/development/m/rozsireni  @  http://mvccore/php/apps/a2-xmldocs/development/m/rozsireni 
[2018-09-19 15-51-48] No route for request: http://mvccore/php/apps/a2-xmldocs/development/m/rozsireni  @  http://mvccore/php/apps/a2-xmldocs/development/m/rozsireni 
[2018-09-19 15-54-16] Page not found: `http://mvccore/php/apps/a2-xmldocs/development/static/img/favicon.ico`.: http://mvccore/php/apps/a2-xmldocs/development/static/img/favicon.ico  @  http://mvccore/php/apps/a2-xmldocs/development/m/static/img/favicon.ico 
[2018-09-19 15-54-32] Page not found: `http://mvccore/php/apps/a2-xmldocs/development/static/img/favicon.ico`.: http://mvccore/php/apps/a2-xmldocs/development/static/img/favicon.ico  @  http://mvccore/php/apps/a2-xmldocs/development/m/static/img/favicon.ico 
[2018-09-19 15-55-02] Page not found: `http://mvccore/php/apps/a2-xmldocs/development/static/img/favicon.ico`.: http://mvccore/php/apps/a2-xmldocs/development/static/img/favicon.ico  @  http://mvccore/php/apps/a2-xmldocs/development/m/static/img/favicon.ico 
[2018-09-19 15-55-44] Page not found: `http://mvccore/php/apps/a2-xmldocs/development/static/img/favicon.ico`.: http://mvccore/php/apps/a2-xmldocs/development/static/img/favicon.ico  @  http://mvccore/php/apps/a2-xmldocs/development/m/static/img/favicon.ico 
